<?xml version="1.0" encoding="UTF-8"?>
<!-- Generated by org.testng.reporters.JUnitReportReporter -->
<testsuite skipped="0" hostname="DESKTOP-LSKACAV" name="com.ultimateqa.testsuite.LoginPageTest" tests="2" failures="0" timestamp="2022-12-13T19:21:37 GMT" time="14.787" errors="0">
  <testcase name="verifyTheErrorMessage" time="9.090" classname="com.ultimateqa.testsuite.LoginPageTest"/>
  <system-out>
    <![CDATA[clickOnSigninButton[[ChromeDriver: chrome on WINDOWS (562032261ebe4a90a522b0f9f1d5ca00)] -> xpath: //a[@href='/users/sign_in']]
enterUsername[[ChromeDriver: chrome on WINDOWS (562032261ebe4a90a522b0f9f1d5ca00)] -> name: user[email]]
enterPassword[[ChromeDriver: chrome on WINDOWS (562032261ebe4a90a522b0f9f1d5ca00)] -> id: user[password]]
clickOnLoginButton[[ChromeDriver: chrome on WINDOWS (562032261ebe4a90a522b0f9f1d5ca00)] -> xpath: //button[contains(text(),'Sign in')]]
getVerifyText[[ChromeDriver: chrome on WINDOWS (562032261ebe4a90a522b0f9f1d5ca00)] -> xpath: //li[contains(text(),'Invalid email or password.')]]
Click to see screenshot
<a target = "_blank" href=C:\Users\USER\IdeaProjects\testng-week15-ultimateqa-naresh/test-output/html/verifyTheErrorMessageTue_Dec_13_19_21_35_GMT_2022.jpg>Screenshot</a>
<br>
<br>
<a target = "_blank" href=C:\Users\USER\IdeaProjects\testng-week15-ultimateqa-naresh/test-output/html/verifyTheErrorMessageTue_Dec_13_19_21_35_GMT_2022.jpg><img src=C:\Users\USER\IdeaProjects\testng-week15-ultimateqa-naresh/test-output/html/verifyTheErrorMessageTue_Dec_13_19_21_35_GMT_2022.jpg height=200 width=200></img></a>]]>
  </system-out>
  <testcase name="userShouldNavigateToLoginPageSuccessfully" time="5.697" classname="com.ultimateqa.testsuite.LoginPageTest"/>
  <system-out>
    <![CDATA[clickOnSigninButton[[ChromeDriver: chrome on WINDOWS (7568ae0dc34ee577f4f58a38dd001eaf)] -> xpath: //a[@href='/users/sign_in']]
getVerifyText[[ChromeDriver: chrome on WINDOWS (7568ae0dc34ee577f4f58a38dd001eaf)] -> xpath: //h2[contains(text(),'Welcome Back!')]]
Click to see screenshot
<a target = "_blank" href=C:\Users\USER\IdeaProjects\testng-week15-ultimateqa-naresh/test-output/html/userShouldNavigateToLoginPageSuccessfullyTue_Dec_13_19_21_28_GMT_2022.jpg>Screenshot</a>
<br>
<br>
<a target = "_blank" href=C:\Users\USER\IdeaProjects\testng-week15-ultimateqa-naresh/test-output/html/userShouldNavigateToLoginPageSuccessfullyTue_Dec_13_19_21_28_GMT_2022.jpg><img src=C:\Users\USER\IdeaProjects\testng-week15-ultimateqa-naresh/test-output/html/userShouldNavigateToLoginPageSuccessfullyTue_Dec_13_19_21_28_GMT_2022.jpg height=200 width=200></img></a>]]>
  </system-out>
</testsuite> <!-- com.ultimateqa.testsuite.LoginPageTest -->
